[debug] [2025-09-14T23:02:11.996Z] ----------------------------------------------------------------------
[debug] [2025-09-14T23:02:11.999Z] Command:       /Users/ohhmydeezy/.nvm/versions/node/v22.2.0/bin/node /Users/ohhmydeezy/.nvm/versions/node/v22.2.0/bin/firebase init hosting
[debug] [2025-09-14T23:02:11.999Z] CLI Version:   13.10.1
[debug] [2025-09-14T23:02:11.999Z] Platform:      darwin
[debug] [2025-09-14T23:02:11.999Z] Node Version:  v22.2.0
[debug] [2025-09-14T23:02:11.999Z] Time:          Mon Sep 15 2025 00:02:11 GMT+0100 (British Summer Time)
[debug] [2025-09-14T23:02:11.999Z] ----------------------------------------------------------------------
[debug] 
[debug] [2025-09-14T23:02:12.003Z] > command requires scopes: ["email","openid","https://www.googleapis.com/auth/cloudplatformprojects.readonly","https://www.googleapis.com/auth/firebase","https://www.googleapis.com/auth/cloud-platform"]
[debug] [2025-09-14T23:02:12.003Z] > authorizing via signed-in user (dylang21@hotmail.co.uk)
[info] 
     ######## #### ########  ######## ########     ###     ######  ########
     ##        ##  ##     ## ##       ##     ##  ##   ##  ##       ##
     ######    ##  ########  ######   ########  #########  ######  ######
     ##        ##  ##    ##  ##       ##     ## ##     ##       ## ##
     ##       #### ##     ## ######## ########  ##     ##  ######  ########

You're about to initialize a Firebase project in this directory:

  /Users/ohhmydeezy/Projects/shoSupply/shoSupply-client

[info] 
=== Project Setup
[info] 
[info] First, let's associate this project directory with a Firebase project.
[info] You can create multiple project aliases by running firebase use --add, 
[info] but for now we'll just set up a default project.
[info] 
[info] i  If you want to create a project in a Google Cloud organization or folder, please use "firebase projects:create" instead, and return to this command when you've created the project. 
[debug] [2025-09-14T23:02:31.321Z] >>> [apiv2][query] POST https://cloudresourcemanager.googleapis.com/v1/projects [none]
[debug] [2025-09-14T23:02:31.321Z] >>> [apiv2][body] POST https://cloudresourcemanager.googleapis.com/v1/projects {"projectId":"shoSupply","name":"shoSupply"}
[debug] [2025-09-14T23:02:32.054Z] <<< [apiv2][status] POST https://cloudresourcemanager.googleapis.com/v1/projects 400
[debug] [2025-09-14T23:02:32.055Z] <<< [apiv2][body] POST https://cloudresourcemanager.googleapis.com/v1/projects {"error":{"code":400,"message":"field [project_id] has issue [project_id contains invalid characters]","status":"INVALID_ARGUMENT","details":[{"@type":"type.googleapis.com/google.rpc.BadRequest","fieldViolations":[{"field":"project_id","description":"project_id contains invalid characters"}]},{"@type":"type.googleapis.com/google.rpc.Help","links":[{"url":"https://cloud.google.com/resource-manager/reference/rest/v1/projects"}]}]}}
[debug] [2025-09-14T23:02:32.127Z] FirebaseError: HTTP Error: 400, field [project_id] has issue [project_id contains invalid characters]
    at responseToError (/Users/ohhmydeezy/.nvm/versions/node/v22.2.0/lib/node_modules/firebase-tools/lib/responseToError.js:49:12)
    at RetryOperation._fn (/Users/ohhmydeezy/.nvm/versions/node/v22.2.0/lib/node_modules/firebase-tools/lib/apiv2.js:305:77)
    at process.processTicksAndRejections (node:internal/process/task_queues:95:5)
[error] 
[error] Error: Failed to create project. See firebase-debug.log for more info.
